<?xml version="1.0" encoding="UTF-8"?>
<testng-results skipped="0" failed="0" ignored="0" total="2" passed="2">
  <reporter-output>
  </reporter-output>
  <suite name="Suite" duration-ms="5503" started-at="2023-02-18T11:59:04 IST" finished-at="2023-02-18T11:59:09 IST">
    <groups>
    </groups>
    <test name="Test" duration-ms="5503" started-at="2023-02-18T11:59:04 IST" finished-at="2023-02-18T11:59:09 IST">
      <class name="testcases.LoginTest">
        <test-method status="PASS" signature="setupBrowser()[pri:0, instance:testcases.LoginTest@470f1802]" name="setupBrowser" is-config="true" duration-ms="2523" started-at="2023-02-18T11:59:04 IST" finished-at="2023-02-18T11:59:07 IST">
          <reporter-output>
          </reporter-output>
        </test-method> <!-- setupBrowser -->
        <test-method status="PASS" signature="loginToApplication(java.lang.String,java.lang.String)[pri:0, instance:testcases.LoginTest@470f1802]" name="loginToApplication" duration-ms="217" started-at="2023-02-18T11:59:07 IST" data-provider="loginDetails" finished-at="2023-02-18T11:59:07 IST">
          <params>
            <param index="0">
              <value>
                <![CDATA[ineuron@ineuron.ai]]>
              </value>
            </param>
            <param index="1">
              <value>
                <![CDATA[ineuron]]>
              </value>
            </param>
          </params>
          <reporter-output>
          </reporter-output>
        </test-method> <!-- loginToApplication -->
        <test-method status="PASS" signature="closeBrowser()[pri:0, instance:testcases.LoginTest@470f1802]" name="closeBrowser" is-config="true" duration-ms="103" started-at="2023-02-18T11:59:07 IST" finished-at="2023-02-18T11:59:07 IST">
          <reporter-output>
          </reporter-output>
        </test-method> <!-- closeBrowser -->
        <test-method status="PASS" signature="setupBrowser()[pri:0, instance:testcases.LoginTest@470f1802]" name="setupBrowser" is-config="true" duration-ms="1500" started-at="2023-02-18T11:59:07 IST" finished-at="2023-02-18T11:59:09 IST">
          <reporter-output>
          </reporter-output>
        </test-method> <!-- setupBrowser -->
        <test-method status="PASS" signature="loginToApplication(java.lang.String,java.lang.String)[pri:0, instance:testcases.LoginTest@470f1802]" name="loginToApplication" duration-ms="205" started-at="2023-02-18T11:59:09 IST" data-provider="loginDetails" finished-at="2023-02-18T11:59:09 IST">
          <params>
            <param index="0">
              <value>
                <![CDATA[admin@admin.com]]>
              </value>
            </param>
            <param index="1">
              <value>
                <![CDATA[admin]]>
              </value>
            </param>
          </params>
          <reporter-output>
          </reporter-output>
        </test-method> <!-- loginToApplication -->
        <test-method status="PASS" signature="closeBrowser()[pri:0, instance:testcases.LoginTest@470f1802]" name="closeBrowser" is-config="true" duration-ms="102" started-at="2023-02-18T11:59:09 IST" finished-at="2023-02-18T11:59:09 IST">
          <reporter-output>
          </reporter-output>
        </test-method> <!-- closeBrowser -->
      </class> <!-- testcases.LoginTest -->
    </test> <!-- Test -->
  </suite> <!-- Suite -->
</testng-results>
