<?xml version="1.0" encoding="UTF-8"?>
<testng-results skipped="0" failed="0" ignored="0" total="2" passed="2">
  <reporter-output>
  </reporter-output>
  <suite name="Default suite" duration-ms="5780" started-at="2023-02-18T11:17:34 IST" finished-at="2023-02-18T11:17:40 IST">
    <groups>
    </groups>
    <test name="Default test" duration-ms="5780" started-at="2023-02-18T11:17:34 IST" finished-at="2023-02-18T11:17:40 IST">
      <class name="testcases.LoginTest">
        <test-method status="PASS" signature="setupBrowser()[pri:0, instance:testcases.LoginTest@43738a82]" name="setupBrowser" is-config="true" duration-ms="3245" started-at="2023-02-18T11:17:35 IST" finished-at="2023-02-18T11:17:38 IST">
          <reporter-output>
          </reporter-output>
        </test-method> <!-- setupBrowser -->
        <test-method status="PASS" signature="loginToApplication(java.lang.String,java.lang.String)[pri:0, instance:testcases.LoginTest@43738a82]" name="loginToApplication" duration-ms="219" started-at="2023-02-18T11:17:38 IST" data-provider="loginDetails" finished-at="2023-02-18T11:17:39 IST">
          <params>
            <param index="0">
              <value>
                <![CDATA[ineuron@ineuron.ai]]>
              </value>
            </param>
            <param index="1">
              <value>
                <![CDATA[ineuron]]>
              </value>
            </param>
          </params>
          <reporter-output>
          </reporter-output>
        </test-method> <!-- loginToApplication -->
        <test-method status="PASS" signature="closeBrowser()[pri:0, instance:testcases.LoginTest@43738a82]" name="closeBrowser" is-config="true" duration-ms="106" started-at="2023-02-18T11:17:39 IST" finished-at="2023-02-18T11:17:39 IST">
          <reporter-output>
          </reporter-output>
        </test-method> <!-- closeBrowser -->
        <test-method status="PASS" signature="setupBrowser()[pri:0, instance:testcases.LoginTest@43738a82]" name="setupBrowser" is-config="true" duration-ms="1241" started-at="2023-02-18T11:17:39 IST" finished-at="2023-02-18T11:17:40 IST">
          <reporter-output>
          </reporter-output>
        </test-method> <!-- setupBrowser -->
        <test-method status="PASS" signature="loginToApplication(java.lang.String,java.lang.String)[pri:0, instance:testcases.LoginTest@43738a82]" name="loginToApplication" duration-ms="225" started-at="2023-02-18T11:17:40 IST" data-provider="loginDetails" finished-at="2023-02-18T11:17:40 IST">
          <params>
            <param index="0">
              <value>
                <![CDATA[admin@admin.com]]>
              </value>
            </param>
            <param index="1">
              <value>
                <![CDATA[admin]]>
              </value>
            </param>
          </params>
          <reporter-output>
          </reporter-output>
        </test-method> <!-- loginToApplication -->
        <test-method status="PASS" signature="closeBrowser()[pri:0, instance:testcases.LoginTest@43738a82]" name="closeBrowser" is-config="true" duration-ms="107" started-at="2023-02-18T11:17:40 IST" finished-at="2023-02-18T11:17:40 IST">
          <reporter-output>
          </reporter-output>
        </test-method> <!-- closeBrowser -->
      </class> <!-- testcases.LoginTest -->
    </test> <!-- Default test -->
  </suite> <!-- Default suite -->
</testng-results>
